[2022-07-25 16:27:30.524] [exthost] [info] Extension host with pid 1822 started
[2022-07-25 16:27:31.019] [exthost] [info] ExtensionService#_doActivateExtension vscode.microsoft-authentication, startup: false, activationEvent: 'onAuthenticationRequest:microsoft'
[2022-07-25 16:27:31.054] [exthost] [info] ExtensionService#_doActivateExtension vscode.debug-auto-launch, startup: true, activationEvent: '*'
[2022-07-25 16:27:31.059] [exthost] [info] ExtensionService#_doActivateExtension vscode.git-base, startup: true, activationEvent: '*', root cause: vscode.git
[2022-07-25 16:27:31.064] [exthost] [info] ExtensionService#_doActivateExtension vscode.ipynb, startup: true, activationEvent: '*'
[2022-07-25 16:27:31.141] [exthost] [info] ExtensionService#_doActivateExtension vscode.git, startup: true, activationEvent: '*'
[2022-07-25 16:27:31.186] [exthost] [info] ExtensionService#_doActivateExtension vscode.github, startup: true, activationEvent: '*'
[2022-07-25 16:27:31.245] [exthost] [info] Eager extensions activated
[2022-07-25 16:27:31.284] [exthost] [info] ExtensionService#_doActivateExtension vscode.emmet, startup: false, activationEvent: 'onStartupFinished'
[2022-07-25 16:27:31.297] [exthost] [info] ExtensionService#_doActivateExtension vscode.merge-conflict, startup: false, activationEvent: 'onStartupFinished'
[2022-07-25 16:27:31.300] [exthost] [info] ExtensionService#_doActivateExtension ritwickdey.LiveServer, startup: false, activationEvent: 'onStartupFinished'
[2022-07-25 16:27:31.820] [exthost] [info] ExtensionService#_doActivateExtension vscode.github-authentication, startup: false, activationEvent: 'onAuthenticationRequest:github'
[2022-07-25 16:27:53.244] [exthost] [info] Extension host terminating: renderer closed the socket
[2022-07-25 16:27:53.251] [exthost] [info] Extension host with pid 1822 exiting with code 0
[2022-07-25 16:27:55.578] [exthost] [info] Extension host with pid 1958 started
[2022-07-25 16:27:55.578] [exthost] [info] Skipping acquiring lock for /home/codevillage/.config/Code/User/workspaceStorage/b13f55cc28f2426a1b1ccd1a6bd821da.
[2022-07-25 16:27:55.742] [exthost] [info] ExtensionService#_doActivateExtension vscode.microsoft-authentication, startup: false, activationEvent: 'onAuthenticationRequest:microsoft'
[2022-07-25 16:27:55.758] [exthost] [info] ExtensionService#_doActivateExtension vscode.debug-auto-launch, startup: true, activationEvent: '*'
[2022-07-25 16:27:55.760] [exthost] [info] ExtensionService#_doActivateExtension vscode.git-base, startup: true, activationEvent: '*', root cause: vscode.git
[2022-07-25 16:27:55.762] [exthost] [info] ExtensionService#_doActivateExtension vscode.ipynb, startup: true, activationEvent: '*'
[2022-07-25 16:27:55.803] [exthost] [info] ExtensionService#_doActivateExtension vscode.git, startup: true, activationEvent: '*'
[2022-07-25 16:27:55.831] [exthost] [info] ExtensionService#_doActivateExtension vscode.github, startup: true, activationEvent: '*'
[2022-07-25 16:27:55.863] [exthost] [info] Eager extensions activated
[2022-07-25 16:27:55.882] [exthost] [info] ExtensionService#_doActivateExtension vscode.emmet, startup: false, activationEvent: 'onStartupFinished'
[2022-07-25 16:27:55.890] [exthost] [info] ExtensionService#_doActivateExtension vscode.merge-conflict, startup: false, activationEvent: 'onStartupFinished'
[2022-07-25 16:27:55.893] [exthost] [info] ExtensionService#_doActivateExtension ritwickdey.LiveServer, startup: false, activationEvent: 'onStartupFinished'
[2022-07-25 16:27:56.062] [exthost] [info] ExtensionService#_doActivateExtension vscode.github-authentication, startup: false, activationEvent: 'onAuthenticationRequest:github'
[2022-07-25 16:27:59.991] [exthost] [info] Extension host terminating: renderer closed the socket
[2022-07-25 16:28:00.013] [exthost] [info] Extension host with pid 1958 exiting with code 0
