[2022-07-27T10:50:31.114Z] Validating found git in: git
[2022-07-27T10:50:31.173Z] Using git 2.25.1 from git
[2022-07-27T10:50:31.218Z] > git rev-parse --show-toplevel [29ms]
[2022-07-27T10:50:31.218Z] fatal: not a git repository (or any of the parent directories): .git
[2022-07-27T10:50:31.801Z] > git rev-parse --show-toplevel [2ms]
[2022-07-27T10:50:31.801Z] fatal: not a git repository (or any of the parent directories): .git
[2022-07-27T10:52:49.980Z] > git rev-parse --show-toplevel [2ms]
[2022-07-27T10:52:49.988Z] > git rev-parse --git-dir --git-common-dir [2ms]
[2022-07-27T10:52:49.995Z] Open repository: /home/codevillage/Desktop/workspace/loopstep 1
[2022-07-27T10:52:50.004Z] > git status -z -uall [2ms]
[2022-07-27T10:52:50.010Z] > git symbolic-ref --short HEAD [1ms]
[2022-07-27T10:52:50.018Z] > git for-each-ref --format=%(refname)%00%(upstream:short)%00%(objectname)%00%(upstream:track)%00%(upstream:remotename)%00%(upstream:remoteref) refs/heads/master refs/remotes/master [2ms]
[2022-07-27T10:52:50.031Z] > git remote --verbose [4ms]
[2022-07-27T10:52:50.031Z] > git for-each-ref --sort -committerdate --format %(refname) %(objectname) %(*objectname) [8ms]
[2022-07-27T10:52:50.043Z] > git config --get commit.template [1ms]
[2022-07-27T11:00:09.423Z] > git status -z -uall [3ms]
[2022-07-27T11:00:09.430Z] > git symbolic-ref --short HEAD [2ms]
[2022-07-27T11:00:09.436Z] > git for-each-ref --format=%(refname)%00%(upstream:short)%00%(objectname)%00%(upstream:track)%00%(upstream:remotename)%00%(upstream:remoteref) refs/heads/master refs/remotes/master [1ms]
[2022-07-27T11:00:09.459Z] > git for-each-ref --sort -committerdate --format %(refname) %(objectname) %(*objectname) [18ms]
[2022-07-27T11:00:09.460Z] > git remote --verbose [4ms]
[2022-07-27T11:00:09.472Z] > git config --get commit.template [4ms]
[2022-07-27T11:04:02.537Z] > git status -z -uall [3ms]
[2022-07-27T11:04:02.542Z] > git symbolic-ref --short HEAD [1ms]
[2022-07-27T11:04:02.550Z] > git for-each-ref --format=%(refname)%00%(upstream:short)%00%(objectname)%00%(upstream:track)%00%(upstream:remotename)%00%(upstream:remoteref) refs/heads/master refs/remotes/master [2ms]
[2022-07-27T11:04:02.563Z] > git for-each-ref --sort -committerdate --format %(refname) %(objectname) %(*objectname) [8ms]
[2022-07-27T11:04:02.564Z] > git remote --verbose [2ms]
[2022-07-27T11:04:02.571Z] > git config --get commit.template [1ms]
[2022-07-27T11:05:37.125Z] > git status -z -uall [4ms]
[2022-07-27T11:05:37.132Z] > git symbolic-ref --short HEAD [2ms]
[2022-07-27T11:05:37.137Z] > git for-each-ref --format=%(refname)%00%(upstream:short)%00%(objectname)%00%(upstream:track)%00%(upstream:remotename)%00%(upstream:remoteref) refs/heads/master refs/remotes/master [1ms]
[2022-07-27T11:05:37.148Z] > git for-each-ref --sort -committerdate --format %(refname) %(objectname) %(*objectname) [7ms]
[2022-07-27T11:05:37.148Z] > git remote --verbose [1ms]
[2022-07-27T11:05:37.156Z] > git config --get commit.template [2ms]
[2022-07-27T11:07:10.929Z] > git show --textconv :yasir.html [21ms]
[2022-07-27T11:07:10.930Z] > git ls-files --stage -- /home/codevillage/Desktop/workspace/loopstep 1/yasir.html [2ms]
[2022-07-27T11:07:11.056Z] > git check-ignore -v -z --stdin [1ms]
[2022-07-27T11:07:11.513Z] > git status -z -uall [5ms]
[2022-07-27T11:07:11.519Z] > git symbolic-ref --short HEAD [2ms]
[2022-07-27T11:07:11.525Z] > git for-each-ref --format=%(refname)%00%(upstream:short)%00%(objectname)%00%(upstream:track)%00%(upstream:remotename)%00%(upstream:remoteref) refs/heads/master refs/remotes/master [1ms]
[2022-07-27T11:07:11.536Z] > git remote --verbose [2ms]
[2022-07-27T11:07:11.537Z] > git for-each-ref --sort -committerdate --format %(refname) %(objectname) %(*objectname) [8ms]
[2022-07-27T11:07:11.545Z] > git config --get commit.template [1ms]
[2022-07-27T11:08:16.912Z] > git status -z -uall [2ms]
[2022-07-27T11:08:16.931Z] > git symbolic-ref --short HEAD [3ms]
[2022-07-27T11:08:16.937Z] > git for-each-ref --format=%(refname)%00%(upstream:short)%00%(objectname)%00%(upstream:track)%00%(upstream:remotename)%00%(upstream:remoteref) refs/heads/master refs/remotes/master [1ms]
[2022-07-27T11:08:16.947Z] > git for-each-ref --sort -committerdate --format %(refname) %(objectname) %(*objectname) [7ms]
[2022-07-27T11:08:16.947Z] > git remote --verbose [2ms]
[2022-07-27T11:08:16.958Z] > git config --get commit.template [2ms]
[2022-07-27T11:08:51.534Z] > git show --textconv :index.html [7ms]
[2022-07-27T11:08:51.535Z] > git ls-files --stage -- /home/codevillage/Desktop/workspace/loopstep 1/index.html [2ms]
[2022-07-27T11:08:51.867Z] > git check-ignore -v -z --stdin [1ms]
[2022-07-27T11:08:52.373Z] > git status -z -uall [3ms]
[2022-07-27T11:08:52.381Z] > git symbolic-ref --short HEAD [2ms]
[2022-07-27T11:08:52.387Z] > git for-each-ref --format=%(refname)%00%(upstream:short)%00%(objectname)%00%(upstream:track)%00%(upstream:remotename)%00%(upstream:remoteref) refs/heads/master refs/remotes/master [1ms]
[2022-07-27T11:08:52.400Z] > git for-each-ref --sort -committerdate --format %(refname) %(objectname) %(*objectname) [7ms]
[2022-07-27T11:08:52.400Z] > git remote --verbose [2ms]
[2022-07-27T11:08:52.409Z] > git config --get commit.template [1ms]
[2022-07-27T11:08:58.843Z] > git status -z -uall [2ms]
[2022-07-27T11:08:58.852Z] > git symbolic-ref --short HEAD [1ms]
[2022-07-27T11:08:58.859Z] > git for-each-ref --format=%(refname)%00%(upstream:short)%00%(objectname)%00%(upstream:track)%00%(upstream:remotename)%00%(upstream:remoteref) refs/heads/master refs/remotes/master [1ms]
[2022-07-27T11:08:58.869Z] > git for-each-ref --sort -committerdate --format %(refname) %(objectname) %(*objectname) [5ms]
[2022-07-27T11:08:58.871Z] > git remote --verbose [3ms]
[2022-07-27T11:08:58.880Z] > git config --get commit.template [2ms]
[2022-07-27T11:08:58.952Z] > git ls-files --stage -- /home/codevillage/Desktop/workspace/loopstep 1/index.html [2ms]
[2022-07-27T11:08:58.960Z] > git cat-file -s f1b3672d47ff4507ec9bc0ebc41c074a59036786 [1ms]
[2022-07-27T11:08:58.970Z] > git show --textconv :index.html [2ms]
[2022-07-27T11:10:01.138Z] > git status -z -uall [3ms]
[2022-07-27T11:10:01.147Z] > git symbolic-ref --short HEAD [2ms]
[2022-07-27T11:10:01.155Z] > git for-each-ref --format=%(refname)%00%(upstream:short)%00%(objectname)%00%(upstream:track)%00%(upstream:remotename)%00%(upstream:remoteref) refs/heads/master refs/remotes/master [2ms]
[2022-07-27T11:10:01.170Z] > git for-each-ref --sort -committerdate --format %(refname) %(objectname) %(*objectname) [8ms]
[2022-07-27T11:10:01.171Z] > git remote --verbose [3ms]
[2022-07-27T11:10:01.180Z] > git config --get commit.template [1ms]
[2022-07-27T11:10:01.245Z] > git ls-files --stage -- /home/codevillage/Desktop/workspace/loopstep 1/index.html [2ms]
[2022-07-27T11:10:01.252Z] > git cat-file -s f1b3672d47ff4507ec9bc0ebc41c074a59036786 [1ms]
[2022-07-27T11:10:01.261Z] > git show --textconv :index.html [1ms]
[2022-07-27T12:23:15.551Z] > git status -z -uall [4ms]
[2022-07-27T12:23:15.564Z] > git symbolic-ref --short HEAD [7ms]
[2022-07-27T12:23:15.572Z] > git ls-files --stage -- /home/codevillage/Desktop/workspace/loopstep 1/index.html [9ms]
[2022-07-27T12:23:15.579Z] > git for-each-ref --format=%(refname)%00%(upstream:short)%00%(objectname)%00%(upstream:track)%00%(upstream:remotename)%00%(upstream:remoteref) refs/heads/master refs/remotes/master [8ms]
[2022-07-27T12:23:15.593Z] > git for-each-ref --sort -committerdate --format %(refname) %(objectname) %(*objectname) [7ms]
[2022-07-27T12:23:15.594Z] > git cat-file -s f1b3672d47ff4507ec9bc0ebc41c074a59036786 [16ms]
[2022-07-27T12:23:15.597Z] > git remote --verbose [5ms]
[2022-07-27T12:23:15.610Z] > git show --textconv :index.html [7ms]
[2022-07-27T12:23:15.610Z] > git config --get commit.template [2ms]
[2022-07-27T12:23:20.626Z] > git status -z -uall [3ms]
[2022-07-27T12:23:20.635Z] > git symbolic-ref --short HEAD [2ms]
[2022-07-27T12:23:20.644Z] > git for-each-ref --format=%(refname)%00%(upstream:short)%00%(objectname)%00%(upstream:track)%00%(upstream:remotename)%00%(upstream:remoteref) refs/heads/master refs/remotes/master [2ms]
[2022-07-27T12:23:20.658Z] > git for-each-ref --sort -committerdate --format %(refname) %(objectname) %(*objectname) [7ms]
[2022-07-27T12:23:20.659Z] > git remote --verbose [2ms]
[2022-07-27T12:23:20.666Z] > git config --get commit.template [1ms]
[2022-07-27T12:24:59.503Z] > git status -z -uall [2ms]
[2022-07-27T12:24:59.514Z] > git symbolic-ref --short HEAD [6ms]
[2022-07-27T12:24:59.519Z] > git ls-files --stage -- /home/codevillage/Desktop/workspace/loopstep 1/index.html [6ms]
[2022-07-27T12:24:59.527Z] > git for-each-ref --format=%(refname)%00%(upstream:short)%00%(objectname)%00%(upstream:track)%00%(upstream:remotename)%00%(upstream:remoteref) refs/heads/master refs/remotes/master [8ms]
[2022-07-27T12:24:59.541Z] > git for-each-ref --sort -committerdate --format %(refname) %(objectname) %(*objectname) [7ms]
[2022-07-27T12:24:59.542Z] > git cat-file -s f1b3672d47ff4507ec9bc0ebc41c074a59036786 [16ms]
[2022-07-27T12:24:59.544Z] > git remote --verbose [4ms]
[2022-07-27T12:24:59.561Z] > git show --textconv :index.html [7ms]
[2022-07-27T12:24:59.563Z] > git config --get commit.template [3ms]
[2022-07-27T12:25:42.831Z] > git status -z -uall [1ms]
[2022-07-27T12:25:42.840Z] > git symbolic-ref --short HEAD [1ms]
[2022-07-27T12:25:42.846Z] > git for-each-ref --format=%(refname)%00%(upstream:short)%00%(objectname)%00%(upstream:track)%00%(upstream:remotename)%00%(upstream:remoteref) refs/heads/master refs/remotes/master [2ms]
[2022-07-27T12:25:42.856Z] > git for-each-ref --sort -committerdate --format %(refname) %(objectname) %(*objectname) [6ms]
[2022-07-27T12:25:42.857Z] > git remote --verbose [2ms]
[2022-07-27T12:25:42.866Z] > git config --get commit.template [1ms]
[2022-07-27T12:25:42.929Z] > git ls-files --stage -- /home/codevillage/Desktop/workspace/loopstep 1/index.html [1ms]
[2022-07-27T12:25:42.961Z] > git show --textconv :index.html [2ms]
[2022-07-27T12:25:47.620Z] > git ls-files --stage -- /home/codevillage/Desktop/workspace/loopstep 1/index.html [2ms]
[2022-07-27T12:25:47.634Z] > git show --textconv :index.html [3ms]
[2022-07-27T12:25:47.877Z] > git status -z -uall [1ms]
[2022-07-27T12:25:47.883Z] > git symbolic-ref --short HEAD [2ms]
[2022-07-27T12:25:47.890Z] > git for-each-ref --format=%(refname)%00%(upstream:short)%00%(objectname)%00%(upstream:track)%00%(upstream:remotename)%00%(upstream:remoteref) refs/heads/master refs/remotes/master [2ms]
[2022-07-27T12:25:47.901Z] > git for-each-ref --sort -committerdate --format %(refname) %(objectname) %(*objectname) [6ms]
[2022-07-27T12:25:47.901Z] > git remote --verbose [1ms]
[2022-07-27T12:25:47.912Z] > git config --get commit.template [2ms]
[2022-07-27T12:26:00.545Z] > git status -z -uall [3ms]
[2022-07-27T12:26:00.555Z] > git symbolic-ref --short HEAD [3ms]
[2022-07-27T12:26:00.562Z] > git for-each-ref --format=%(refname)%00%(upstream:short)%00%(objectname)%00%(upstream:track)%00%(upstream:remotename)%00%(upstream:remoteref) refs/heads/master refs/remotes/master [2ms]
[2022-07-27T12:26:00.573Z] > git for-each-ref --sort -committerdate --format %(refname) %(objectname) %(*objectname) [7ms]
[2022-07-27T12:26:00.573Z] > git remote --verbose [2ms]
[2022-07-27T12:26:00.582Z] > git config --get commit.template [2ms]
[2022-07-27T12:26:00.645Z] > git ls-files --stage -- /home/codevillage/Desktop/workspace/loopstep 1/index.html [2ms]
[2022-07-27T12:26:00.653Z] > git cat-file -s f1b3672d47ff4507ec9bc0ebc41c074a59036786 [2ms]
[2022-07-27T12:26:00.663Z] > git show --textconv :index.html [1ms]
[2022-07-27T12:26:07.152Z] > git status -z -uall [4ms]
[2022-07-27T12:26:07.159Z] > git symbolic-ref --short HEAD [2ms]
[2022-07-27T12:26:07.167Z] > git for-each-ref --format=%(refname)%00%(upstream:short)%00%(objectname)%00%(upstream:track)%00%(upstream:remotename)%00%(upstream:remoteref) refs/heads/master refs/remotes/master [2ms]
[2022-07-27T12:26:07.179Z] > git for-each-ref --sort -committerdate --format %(refname) %(objectname) %(*objectname) [7ms]
[2022-07-27T12:26:07.180Z] > git remote --verbose [2ms]
[2022-07-27T12:26:07.190Z] > git config --get commit.template [2ms]
[2022-07-27T12:26:07.249Z] > git ls-files --stage -- /home/codevillage/Desktop/workspace/loopstep 1/index.html [1ms]
[2022-07-27T12:26:07.254Z] > git cat-file -s f1b3672d47ff4507ec9bc0ebc41c074a59036786 [1ms]
[2022-07-27T12:26:07.265Z] > git show --textconv :index.html [2ms]
[2022-07-27T12:26:34.968Z] > git status -z -uall [3ms]
[2022-07-27T12:26:34.975Z] > git symbolic-ref --short HEAD [1ms]
[2022-07-27T12:26:34.982Z] > git for-each-ref --format=%(refname)%00%(upstream:short)%00%(objectname)%00%(upstream:track)%00%(upstream:remotename)%00%(upstream:remoteref) refs/heads/main refs/remotes/main [1ms]
[2022-07-27T12:26:34.994Z] > git for-each-ref --sort -committerdate --format %(refname) %(objectname) %(*objectname) [7ms]
[2022-07-27T12:26:34.994Z] > git remote --verbose [2ms]
[2022-07-27T12:26:35.002Z] > git config --get commit.template [1ms]
[2022-07-27T12:26:35.094Z] > git ls-files --stage -- /home/codevillage/Desktop/workspace/loopstep 1/index.html [1ms]
[2022-07-27T12:26:35.106Z] > git cat-file -s f1b3672d47ff4507ec9bc0ebc41c074a59036786 [2ms]
[2022-07-27T12:26:35.114Z] > git show --textconv :index.html [1ms]
