[Info  - 10:50:31.521] Reading sessions from keychain...
[Info  - 10:50:31.548] Getting sessions for user:email...
[Info  - 10:50:31.548] Getting sessions for all scopes...
[Info  - 10:50:31.549] Got 0 sessions for user:email...
[Info  - 10:50:31.549] Got 0 sessions for ...
[Info  - 12:26:52.690] Getting sessions for repo,workflow...
[Info  - 12:26:52.691] Got 0 sessions for repo,workflow...
[Info  - 12:26:58.164] Logging in for the following scopes: repo workflow
[Info  - 12:26:58.187] Trying without local server... (repo workflow)
[Error  - 12:27:58.233] Cancelled
[Trace  - 12:28:02.26] Handling Uri...
[Info  - 12:28:05.818] Trying with local server... (repo workflow)
[Info  - 12:28:07.69] Exchanging code for token...
[Info  - 12:28:08.155] Token exchange success!
[Info  - 12:28:08.156] Getting user info...
[Info  - 12:28:08.973] Got account info!
[Info  - 12:28:08.974] Storing 1 sessions...
[Info  - 12:28:09.28] Reading sessions from keychain...
[Info  - 12:28:09.28] Stored 1 sessions!
[Info  - 12:28:09.28] Login success!
[Info  - 12:28:09.39] Getting sessions for user:email...
[Trace  - 12:28:09.39] Token acquired from secret storage.
[Info  - 12:28:09.39] Got stored sessions!
[Trace  - 12:28:09.39] Read the following session from the keychain with the following scopes: repo workflow
[Info  - 12:28:09.39] Got 1 verified sessions.
[Info  - 12:28:09.40] Got 0 sessions for user:email...
