[2022-07-25 16:27:30.596] [exthost] [info] Extension host with pid 1823 started
[2022-07-25 16:27:31.108] [exthost] [info] ExtensionService#_doActivateExtension vscode.microsoft-authentication, startup: false, activationEvent: 'onAuthenticationRequest:microsoft'
[2022-07-25 16:27:31.182] [exthost] [info] ExtensionService#_doActivateExtension vscode.debug-auto-launch, startup: true, activationEvent: '*'
[2022-07-25 16:27:31.185] [exthost] [info] ExtensionService#_doActivateExtension vscode.git-base, startup: true, activationEvent: '*', root cause: vscode.git
[2022-07-25 16:27:31.188] [exthost] [info] ExtensionService#_doActivateExtension vscode.ipynb, startup: true, activationEvent: '*'
[2022-07-25 16:27:31.240] [exthost] [info] ExtensionService#_doActivateExtension vscode.git, startup: true, activationEvent: '*'
[2022-07-25 16:27:31.268] [exthost] [info] ExtensionService#_doActivateExtension vscode.github, startup: true, activationEvent: '*'
[2022-07-25 16:27:31.314] [exthost] [info] Eager extensions activated
[2022-07-25 16:27:31.333] [exthost] [info] ExtensionService#_doActivateExtension vscode.emmet, startup: false, activationEvent: 'onStartupFinished'
[2022-07-25 16:27:31.349] [exthost] [info] ExtensionService#_doActivateExtension vscode.merge-conflict, startup: false, activationEvent: 'onStartupFinished'
[2022-07-25 16:27:31.352] [exthost] [info] ExtensionService#_doActivateExtension ritwickdey.LiveServer, startup: false, activationEvent: 'onStartupFinished'
[2022-07-25 16:27:31.847] [exthost] [info] ExtensionService#_doActivateExtension vscode.github-authentication, startup: false, activationEvent: 'onAuthenticationRequest:github'
[2022-07-25 16:28:06.689] [exthost] [info] Extension host terminating: renderer closed the socket
[2022-07-25 16:28:06.701] [exthost] [info] Extension host with pid 1823 exiting with code 0
[2022-07-25 16:28:08.926] [exthost] [info] Extension host with pid 2002 started
[2022-07-25 16:28:08.926] [exthost] [info] Skipping acquiring lock for /home/codevillage/.config/Code/User/workspaceStorage/b13f55cc28f2426a1b1ccd1a6bd821da.
[2022-07-25 16:28:09.002] [exthost] [info] ExtensionService#_doActivateExtension vscode.microsoft-authentication, startup: false, activationEvent: 'onAuthenticationRequest:microsoft'
[2022-07-25 16:28:09.025] [exthost] [info] ExtensionService#_doActivateExtension vscode.debug-auto-launch, startup: true, activationEvent: '*'
[2022-07-25 16:28:09.028] [exthost] [info] ExtensionService#_doActivateExtension vscode.git-base, startup: true, activationEvent: '*', root cause: vscode.git
[2022-07-25 16:28:09.030] [exthost] [info] ExtensionService#_doActivateExtension vscode.ipynb, startup: true, activationEvent: '*'
[2022-07-25 16:28:09.067] [exthost] [info] ExtensionService#_doActivateExtension vscode.git, startup: true, activationEvent: '*'
[2022-07-25 16:28:09.090] [exthost] [info] ExtensionService#_doActivateExtension vscode.github, startup: true, activationEvent: '*'
[2022-07-25 16:28:09.127] [exthost] [info] Eager extensions activated
[2022-07-25 16:28:09.138] [exthost] [info] ExtensionService#_doActivateExtension vscode.emmet, startup: false, activationEvent: 'onStartupFinished'
[2022-07-25 16:28:09.154] [exthost] [info] ExtensionService#_doActivateExtension vscode.merge-conflict, startup: false, activationEvent: 'onStartupFinished'
[2022-07-25 16:28:09.157] [exthost] [info] ExtensionService#_doActivateExtension ritwickdey.LiveServer, startup: false, activationEvent: 'onStartupFinished'
[2022-07-25 16:28:09.343] [exthost] [info] ExtensionService#_doActivateExtension vscode.github-authentication, startup: false, activationEvent: 'onAuthenticationRequest:github'
[2022-07-25 16:28:17.711] [exthost] [info] Extension host terminating: renderer closed the socket
[2022-07-25 16:28:17.726] [exthost] [info] Extension host with pid 2002 exiting with code 0
