[2022-07-25 16:27:26.734] [main] [info] window#load: attempt to load window (id: 1)
[2022-07-25 16:27:26.761] [main] [info] update#setState idle
[2022-07-25 16:27:26.957] [main] [info] window#load: attempt to load window (id: 2)
[2022-07-25 16:27:26.973] [main] [info] ExtensionHostStarterWorker created
[2022-07-25 16:27:28.782] [main] [info] window#load: window reported ready (id: 2)
[2022-07-25 16:27:28.907] [main] [info] window#load: window reported ready (id: 1)
[2022-07-25 16:27:29.274] [main] [info] Starting extension host with pid 1822 (fork() took 55 ms).
[2022-07-25 16:27:29.274] [main] [info] ExtensionHostStarterWorker.start() took 64 ms.
[2022-07-25 16:27:29.309] [main] [info] Starting extension host with pid 1823 (fork() took 33 ms).
[2022-07-25 16:27:29.309] [main] [info] ExtensionHostStarterWorker.start() took 84 ms.
[2022-07-25 16:27:53.249] [main] [info] window#load: attempt to load window (id: 2)
[2022-07-25 16:27:53.279] [main] [info] Extension host with pid 1822 exited with code: 0, signal: null.
[2022-07-25 16:27:54.151] [main] [info] window#load: window reported ready (id: 2)
[2022-07-25 16:27:54.612] [main] [info] Starting extension host with pid 1958 (fork() took 10 ms).
[2022-07-25 16:27:54.613] [main] [info] ExtensionHostStarterWorker.start() took 19 ms.
[2022-07-25 16:27:56.762] [main] [info] update#setState checking for updates
[2022-07-25 16:27:56.769] [main] [error] Error: net::ERR_INTERNET_DISCONNECTED
    at SimpleURLLoaderWrapper.<anonymous> (node:electron/js2c/browser_init:105:7068)
    at SimpleURLLoaderWrapper.emit (node:events:390:28)
[2022-07-25 16:27:56.769] [main] [info] update#setState idle
[2022-07-25 16:28:00.023] [main] [info] Extension host with pid 1958 exited with code: 0, signal: null.
[2022-07-25 16:28:06.688] [main] [info] window#load: attempt to load window (id: 1)
[2022-07-25 16:28:06.709] [main] [info] Extension host with pid 1823 exited with code: 0, signal: null.
[2022-07-25 16:28:07.528] [main] [info] window#load: window reported ready (id: 1)
[2022-07-25 16:28:08.024] [main] [info] Starting extension host with pid 2002 (fork() took 25 ms).
[2022-07-25 16:28:08.025] [main] [info] ExtensionHostStarterWorker.start() took 26 ms.
[2022-07-25 16:28:17.743] [main] [info] Waiting for extension host with pid 2002 to exit.
[2022-07-25 16:28:17.773] [main] [info] Extension host with pid 2002 exited with code: 0, signal: null.
